<?xml version="1.0" encoding="UTF-8"?>
<!-- Generated by org.testng.reporters.JUnitXMLReporter -->
<testsuite ignored="0" hostname="Thotta-210694" failures="0" tests="4" name="Flipkart Test" time="98.753" errors="0" timestamp="2025-07-28T19:03:00 IST">
  <testcase classname="flipkarttest.LoginTest" name="loginWithMobile" time="14.908"/>
  <testcase classname="flipkarttest.SearchTest" name="searchDifferentProducts" time="12.502"/>
  <testcase classname="flipkarttest.AddToCartTest" name="searchDifferentProducts" time="8.808"/>
  <testcase classname="flipkarttest.LogoutTest" name="loginAndLogout" time="43.478"/>
</testsuite> <!-- Flipkart Test -->
