<?xml version="1.0" encoding="UTF-8"?>
<testng-results ignored="0" total="1" passed="1" failed="0" skipped="0">
  <reporter-output>
  </reporter-output>
  <suite started-at="2025-09-12T22:45:17 IST" name="Default suite" finished-at="2025-09-12T22:46:24 IST" duration-ms="66594">
    <groups>
    </groups>
    <test started-at="2025-09-12T22:45:17 IST" name="Default test" finished-at="2025-09-12T22:46:24 IST" duration-ms="66594">
      <class name="flipkarttest.LoginTest">
        <test-method is-config="true" signature="setup()[pri:0, instance:flipkarttest.LoginTest@5c7bfdc1]" started-at="2025-09-12T22:45:17 IST" name="setup" finished-at="2025-09-12T22:45:31 IST" duration-ms="13313" status="PASS">
          <reporter-output>
          </reporter-output>
        </test-method> <!-- setup -->
        <test-method signature="loginWithEmailOTP(java.lang.String)[pri:0, instance:flipkarttest.LoginTest@5c7bfdc1]" started-at="2025-09-12T22:45:31 IST" name="loginWithEmailOTP" data-provider="loginData" finished-at="2025-09-12T22:46:23 IST" duration-ms="51646" status="PASS">
          <params>
            <param index="0">
              <value>
                <![CDATA[axe290@gmail.com]]>
              </value>
            </param>
          </params>
          <reporter-output>
          </reporter-output>
        </test-method> <!-- loginWithEmailOTP -->
        <test-method is-config="true" signature="tearDown()[pri:0, instance:flipkarttest.LoginTest@5c7bfdc1]" started-at="2025-09-12T22:46:23 IST" name="tearDown" finished-at="2025-09-12T22:46:24 IST" duration-ms="828" status="PASS">
          <reporter-output>
          </reporter-output>
        </test-method> <!-- tearDown -->
      </class> <!-- flipkarttest.LoginTest -->
    </test> <!-- Default test -->
  </suite> <!-- Default suite -->
</testng-results>
